2026-05-08 01:19:11,550 INFO : open: /home/matze/Music/AcceptCover_cut.mp3
2026-05-08 01:19:20,672 INFO : open: /home/matze/Music/Gema-free/audiohub_2015-00020-34_gone_free-version.mp3
2026-05-08 01:19:32,528 INFO : in-point set: 2.900
2026-05-08 01:19:52,194 INFO : out-point set: 21.500
2026-05-08 01:21:40,471 INFO : shutdown
2026-05-08 01:22:00,804 INFO : open: /home/matze/Music/AcceptCover_cut.mp3
2026-05-08 01:22:14,319 INFO : clip mode prepend: /home/matze/Music/Gema-free/audiohub_2015-00020-34_gone_free-version.mp3
2026-05-08 01:22:38,366 INFO : in-point set: 2.012
2026-05-08 01:23:00,209 INFO : out-point set: 16.000
2026-05-08 01:23:01,377 INFO : clip confirmed: prepend  start=2.012 end=16.000
2026-05-08 01:23:09,282 INFO : building preview: /tmp/audiocut_preview_2n54l7vc.wav
2026-05-08 01:23:09,411 INFO : cut seg 0: ['ffmpeg', '-y', '-loglevel', 'quiet', '-i', '/home/matze/Music/Gema-free/audiohub_2015-00020-34_gone_free-version.mp3', '-ss', '2.012', '-t', '13.988', '-ac', '2', '-ar', '44100', '/tmp/audiocut_0_gsr7q6bz.wav']
2026-05-08 01:23:09,516 INFO : cut seg 1: ['ffmpeg', '-y', '-loglevel', 'quiet', '-i', '/home/matze/Music/AcceptCover_cut.mp3', '-ac', '2', '-ar', '44100', '/tmp/audiocut_1_mw_rf39y.wav']
2026-05-08 01:23:09,578 INFO : concat: ['ffmpeg', '-y', '-loglevel', 'quiet', '-f', 'concat', '-safe', '0', '-i', '/tmp/audiocut_concat_gkld0s7e.txt', '-c', 'copy', '/tmp/audiocut_preview_2n54l7vc.wav']
2026-05-08 01:23:09,697 INFO : preview ready: /tmp/audiocut_preview_2n54l7vc.wav
2026-05-08 01:24:46,090 INFO : clip mode prepend: /home/matze/Music/eq_test_cut.mp3
2026-05-08 01:24:48,406 INFO : clip confirmed: prepend  start=0.000 end=1.332
2026-05-08 01:25:05,576 INFO : building preview: /tmp/audiocut_preview__5tvmgut.wav
2026-05-08 01:25:05,715 INFO : cut seg 0: ['ffmpeg', '-y', '-loglevel', 'quiet', '-i', '/home/matze/Music/eq_test_cut.mp3', '-ac', '2', '-ar', '44100', '/tmp/audiocut_0_bj6ykp7m.wav']
2026-05-08 01:25:05,773 INFO : cut seg 1: ['ffmpeg', '-y', '-loglevel', 'quiet', '-i', '/home/matze/Music/AcceptCover_cut.mp3', '-ac', '2', '-ar', '44100', '/tmp/audiocut_1_29spa3kr.wav']
2026-05-08 01:25:05,859 INFO : concat: ['ffmpeg', '-y', '-loglevel', 'quiet', '-f', 'concat', '-safe', '0', '-i', '/tmp/audiocut_concat_s7w0ucd2.txt', '-c', 'copy', '/tmp/audiocut_preview__5tvmgut.wav']
2026-05-08 01:25:05,958 INFO : preview ready: /tmp/audiocut_preview__5tvmgut.wav
2026-05-08 02:00:04,691 INFO : open: /home/matze/Music/AcceptCover_cut.mp3
2026-05-08 02:00:10,834 INFO : in-point set: 2.072
2026-05-08 02:00:37,493 INFO : out-point set: 7.091
2026-05-08 02:01:05,692 INFO : open: /home/matze/Music/eq_test_cut.mp3
2026-05-08 02:01:20,783 INFO : open: /home/matze/Music/AcceptCover_cut.mp3
2026-05-08 02:01:33,276 INFO : in-point set: 4.326
2026-05-08 02:01:42,533 INFO : out-point set: 7.266
2026-05-08 02:01:50,251 INFO : clip mode prepend: /home/matze/Music/eq_test_cut.mp3
2026-05-08 02:01:53,327 INFO : clip confirmed: prepend  start=0.000 end=1.332
2026-05-08 02:01:59,968 INFO : building preview: /tmp/audiocut_preview_jfyx96x_.wav
2026-05-08 02:02:00,084 INFO : cut seg 0: ['ffmpeg', '-y', '-loglevel', 'quiet', '-i', '/home/matze/Music/eq_test_cut.mp3', '-ac', '2', '-ar', '44100', '/tmp/audiocut_0_3ewf1kwf.wav']
2026-05-08 02:02:00,147 INFO : cut seg 1: ['ffmpeg', '-y', '-loglevel', 'quiet', '-i', '/home/matze/Music/AcceptCover_cut.mp3', '-ss', '4.326269421', '-t', '2.9399510430000007', '-ac', '2', '-ar', '44100', '/tmp/audiocut_1_skkol300.wav']
2026-05-08 02:02:00,223 INFO : concat: ['ffmpeg', '-y', '-loglevel', 'quiet', '-f', 'concat', '-safe', '0', '-i', '/tmp/audiocut_concat_tolnoz0g.txt', '-c', 'copy', '/tmp/audiocut_preview_jfyx96x_.wav']
2026-05-08 02:02:00,315 INFO : preview ready: /tmp/audiocut_preview_jfyx96x_.wav
2026-05-08 21:52:17,798 INFO : open: /home/matze/Music/AcceptCover_cut.mp3
2026-05-08 21:53:00,403 INFO : open: /home/matze/Music/eq_test_cut.mp3
2026-05-08 21:53:12,004 INFO : open: /home/matze/Music/eq_test.mp3
2026-05-08 21:53:35,224 INFO : open: /home/matze/Music/eq_test_cut.mp3
2026-05-08 21:57:30,392 INFO : joining 2 segment(s) -> /home/matze/Music/join2.mp3
2026-05-08 21:57:30,504 INFO : cut seg 0: ['ffmpeg', '-y', '-loglevel', 'quiet', '-i', '/home/matze/Music/eq_test_cut.mp3', '-ac', '2', '-ar', '44100', '-q:a', '0', '/tmp/audiocut_0_q5js22mk.mp3']
2026-05-08 21:57:30,577 INFO : cut seg 1: ['ffmpeg', '-y', '-loglevel', 'quiet', '-i', '/home/matze/Music/AcceptCover_cut.mp3', '-ss', '4.326269421', '-t', '2.9399510430000007', '-ac', '2', '-ar', '44100', '-q:a', '0', '/tmp/audiocut_1_uz6xv3yl.mp3']
2026-05-08 21:57:30,689 INFO : concat: ['ffmpeg', '-y', '-loglevel', 'quiet', '-f', 'concat', '-safe', '0', '-i', '/tmp/audiocut_concat_ayo6ugmt.txt', '-ac', '2', '-ar', '44100', '-q:a', '0', '/home/matze/Music/join2.mp3']
2026-05-08 21:57:30,812 INFO : saved: /home/matze/Music/join2.mp3
2026-05-08 21:57:34,893 INFO : open: /home/matze/Music/join2.mp3
2026-05-08 22:00:06,181 INFO : shutdown
2026-05-08 22:00:09,767 INFO : shutdown
2026-05-08 22:00:26,012 INFO : open: /home/matze/Music/AcceptCover_cut.mp3
2026-05-08 22:00:32,221 INFO : clip mode prepend: /home/matze/Music/eq_test_cut.mp3
2026-05-08 22:00:33,720 INFO : clip confirmed: prepend  start=0.000 end=1.332
2026-05-08 22:00:39,969 INFO : building preview: /tmp/audiocut_preview_kaaepkme.wav
2026-05-08 22:00:40,085 INFO : cut seg 0: ['ffmpeg', '-y', '-loglevel', 'quiet', '-i', '/home/matze/Music/eq_test_cut.mp3', '-ac', '2', '-ar', '44100', '/tmp/audiocut_0_v5k7qoln.wav']
2026-05-08 22:00:40,158 INFO : cut seg 1: ['ffmpeg', '-y', '-loglevel', 'quiet', '-i', '/home/matze/Music/AcceptCover_cut.mp3', '-ac', '2', '-ar', '44100', '/tmp/audiocut_1_grqe5wt2.wav']
2026-05-08 22:00:40,229 INFO : concat: ['ffmpeg', '-y', '-loglevel', 'quiet', '-f', 'concat', '-safe', '0', '-i', '/tmp/audiocut_concat_yr1lgzqk.txt', '-c', 'copy', '/tmp/audiocut_preview_kaaepkme.wav']
2026-05-08 22:00:40,321 INFO : preview ready: /tmp/audiocut_preview_kaaepkme.wav
2026-05-08 22:01:10,125 INFO : shutdown
2026-05-08 22:01:23,615 INFO : open: /home/matze/Music/AcceptCover_cut.mp3
2026-05-08 22:01:32,455 INFO : in-point set: 0.000
2026-05-08 22:01:42,297 INFO : out-point set: 3.107
2026-05-08 22:01:52,234 INFO : out-point set: 3.083
2026-05-08 22:02:01,083 INFO : clip mode prepend: /home/matze/Music/eq_test_cut.mp3
2026-05-08 22:02:02,675 INFO : clip confirmed: prepend  start=0.000 end=1.332
2026-05-08 22:02:19,424 INFO : joining 2 segment(s) -> /home/matze/Music/join2.mp3
2026-05-08 22:02:19,529 INFO : cut seg 0: ['ffmpeg', '-y', '-loglevel', 'quiet', '-i', '/home/matze/Music/eq_test_cut.mp3', '-ac', '2', '-ar', '44100', '-q:a', '0', '/tmp/audiocut_0_f3_p86gt.mp3']
2026-05-08 22:02:19,603 INFO : cut seg 1: ['ffmpeg', '-y', '-loglevel', 'quiet', '-i', '/home/matze/Music/AcceptCover_cut.mp3', '-ss', '0.0', '-t', '3.0833632890000002', '-ac', '2', '-ar', '44100', '-q:a', '0', '/tmp/audiocut_1_3r_srl4n.mp3']
2026-05-08 22:02:19,706 INFO : concat: ['ffmpeg', '-y', '-loglevel', 'quiet', '-f', 'concat', '-safe', '0', '-i', '/tmp/audiocut_concat_n9234_ua.txt', '-ac', '2', '-ar', '44100', '-q:a', '0', '/home/matze/Music/join2.mp3']
2026-05-08 22:02:19,816 INFO : saved: /home/matze/Music/join2.mp3
2026-05-08 22:02:33,022 INFO : open: /home/matze/Music/join2.mp3
2026-05-08 22:30:47,474 INFO : shutdown
2026-05-08 22:30:50,273 INFO : shutdown
2026-05-08 22:31:07,400 INFO : open: /home/matze/Music/AcceptCover_cut.mp3
2026-05-08 22:31:12,724 INFO : in-point set: 0.000
2026-05-08 22:31:26,085 INFO : out-point set: 4.350
2026-05-08 22:31:34,158 INFO : clip mode prepend: /home/matze/Music/eq_test_cut.mp3
2026-05-08 22:31:39,535 INFO : clip confirmed: prepend  start=0.000 end=1.332
2026-05-08 22:32:01,542 INFO : building preview: /tmp/audiocut_preview_r09nd8i0.wav
2026-05-08 22:32:01,667 INFO : cut seg 0: ['ffmpeg', '-y', '-loglevel', 'quiet', '-i', '/home/matze/Music/eq_test_cut.mp3', '-ac', '2', '-ar', '44100', '/tmp/audiocut_0_688s7fk5.wav']
2026-05-08 22:32:01,741 INFO : cut seg 1: ['ffmpeg', '-y', '-loglevel', 'quiet', '-i', '/home/matze/Music/AcceptCover_cut.mp3', '-ss', '0.0', '-t', '4.3501714620000005', '-ac', '2', '-ar', '44100', '/tmp/audiocut_1_uto19sbk.wav']
2026-05-08 22:32:01,812 INFO : concat: ['ffmpeg', '-y', '-loglevel', 'quiet', '-f', 'concat', '-safe', '0', '-i', '/tmp/audiocut_concat_h23a6klw.txt', '-c', 'copy', '/tmp/audiocut_preview_r09nd8i0.wav']
2026-05-08 22:32:01,916 INFO : preview ready: /tmp/audiocut_preview_r09nd8i0.wav
2026-05-08 22:32:26,753 INFO : joining 2 segment(s) -> /home/matze/Music/join2.mp3
2026-05-08 22:32:26,896 INFO : cut seg 0: ['ffmpeg', '-y', '-loglevel', 'quiet', '-i', '/home/matze/Music/eq_test_cut.mp3', '-ac', '2', '-ar', '44100', '-q:a', '0', '/tmp/audiocut_0_0b95o9hm.mp3']
2026-05-08 22:32:26,981 INFO : cut seg 1: ['ffmpeg', '-y', '-loglevel', 'quiet', '-i', '/home/matze/Music/AcceptCover_cut.mp3', '-ss', '0.0', '-t', '4.3501714620000005', '-ac', '2', '-ar', '44100', '-q:a', '0', '/tmp/audiocut_1_aqd1f9t8.mp3']
2026-05-08 22:32:27,133 INFO : concat: ['ffmpeg', '-y', '-loglevel', 'quiet', '-f', 'concat', '-safe', '0', '-i', '/tmp/audiocut_concat_7dgr766u.txt', '-ac', '2', '-ar', '44100', '-q:a', '0', '/home/matze/Music/join2.mp3']
2026-05-08 22:32:27,294 INFO : saved: /home/matze/Music/join2.mp3
2026-05-08 22:32:39,910 INFO : open: /home/matze/Music/join2.mp3
2026-05-08 22:35:01,784 INFO : open: /home/matze/Music/eq_test_cut.mp3
2026-05-08 22:35:16,343 INFO : open: /home/matze/Music/AcceptCover.mp3
2026-05-08 22:35:59,816 INFO : open: /home/matze/Music/AcceptCover_cut.mp3
2026-05-08 22:38:10,064 INFO : in-point set: 1.028
2026-05-08 22:38:17,401 INFO : out-point set: 3.625
2026-05-08 22:39:20,674 INFO : out-point set: 1.028
2026-05-08 22:39:25,098 INFO : out-point set: 1.012
2026-05-08 22:47:20,703 INFO : open: /home/matze/Music/AcceptCover_cut.mp3
2026-05-08 22:47:23,584 INFO : in-point set: 0.000
2026-05-08 22:47:32,248 INFO : out-point set: 3.083
2026-05-08 22:47:41,063 INFO : clip mode prepend: /home/matze/Music/eq_test_cut.mp3
2026-05-08 22:47:43,442 INFO : clip confirmed: prepend  start=0.000 end=1.332
2026-05-08 22:47:54,191 INFO : building preview: /tmp/audiocut_preview_r5emn0ax.wav
2026-05-08 22:47:54,306 INFO : cut seg 0: ['ffmpeg', '-y', '-loglevel', 'quiet', '-i', '/home/matze/Music/eq_test_cut.mp3', '-ac', '2', '-ar', '44100', '/tmp/audiocut_0_pv3pbh3t.wav']
2026-05-08 22:47:54,371 INFO : cut seg 1: ['ffmpeg', '-y', '-loglevel', 'quiet', '-i', '/home/matze/Music/AcceptCover_cut.mp3', '-ss', '0.0', '-t', '3.0833632890000002', '-ac', '2', '-ar', '44100', '/tmp/audiocut_1_92ggatwl.wav']
2026-05-08 22:47:54,443 INFO : concat: ['ffmpeg', '-y', '-loglevel', 'quiet', '-f', 'concat', '-safe', '0', '-i', '/tmp/audiocut_concat_uy02s2jb.txt', '-c', 'copy', '/tmp/audiocut_preview_r5emn0ax.wav']
2026-05-08 22:47:54,563 INFO : preview ready: /tmp/audiocut_preview_r5emn0ax.wav
2026-05-08 22:48:43,954 INFO : joining 2 segment(s) -> /home/matze/Music/join2.mp3
2026-05-08 22:48:44,082 INFO : cut seg 0: ['ffmpeg', '-y', '-loglevel', 'quiet', '-i', '/home/matze/Music/eq_test_cut.mp3', '-ac', '2', '-ar', '44100', '-q:a', '0', '/tmp/audiocut_0_cmx24j31.mp3']
2026-05-08 22:48:44,179 INFO : cut seg 1: ['ffmpeg', '-y', '-loglevel', 'quiet', '-i', '/home/matze/Music/AcceptCover_cut.mp3', '-ss', '0.0', '-t', '3.0833632890000002', '-ac', '2', '-ar', '44100', '-q:a', '0', '/tmp/audiocut_1_pe1ucn61.mp3']
2026-05-08 22:48:44,313 INFO : concat: ['ffmpeg', '-y', '-loglevel', 'quiet', '-f', 'concat', '-safe', '0', '-i', '/tmp/audiocut_concat_0uyuia0g.txt', '-ac', '2', '-ar', '44100', '-q:a', '0', '/home/matze/Music/join2.mp3']
2026-05-08 22:48:44,449 INFO : saved: /home/matze/Music/join2.mp3
2026-05-08 22:48:58,872 INFO : open: /home/matze/Music/join2.mp3
2026-05-08 22:55:48,707 INFO : shutdown
2026-05-08 22:56:10,447 INFO : open: /home/matze/Music/AcceptCover_cut.mp3
2026-05-08 22:56:16,869 INFO : clip mode prepend: /home/matze/Music/eq_test_cut.mp3
2026-05-08 22:56:20,028 INFO : clip confirmed: prepend  start=0.000 end=1.332
2026-05-08 22:56:31,318 INFO : in-point set: 0.000
2026-05-08 22:56:43,431 INFO : out-point set: 4.415
2026-05-08 22:57:10,515 INFO : open: /home/matze/Music/AcceptCover_cut.mp3
2026-05-08 22:57:20,508 INFO : in-point set: 1.028
2026-05-08 22:57:28,424 INFO : out-point set: 4.358
2026-05-08 22:58:29,812 INFO : in-point set: 0.000
2026-05-08 22:58:39,157 INFO : out-point set: 4.334
2026-05-08 22:58:46,591 INFO : out-point set: 4.342
2026-05-08 22:58:55,983 INFO : clip mode prepend: /home/matze/Music/eq_test_cut.mp3
2026-05-08 22:59:12,777 INFO : in-point set: 0.504
2026-05-08 22:59:19,610 INFO : out-point set: 1.332
2026-05-08 22:59:22,147 INFO : clip confirmed: prepend  start=0.504 end=1.332
2026-05-08 22:59:34,796 INFO : building preview: /tmp/audiocut_preview_paf5x4y8.wav
2026-05-08 22:59:34,917 INFO : cut seg 0: ['ffmpeg', '-y', '-loglevel', 'quiet', '-i', '/home/matze/Music/eq_test_cut.mp3', '-ss', '0.50358861', '-t', '0.8286563899999999', '-ac', '2', '-ar', '44100', '/tmp/audiocut_0_5svuoo0v.wav']
2026-05-08 22:59:34,981 INFO : cut seg 1: ['ffmpeg', '-y', '-loglevel', 'quiet', '-i', '/home/matze/Music/AcceptCover_cut.mp3', '-ss', '0.0', '-t', '4.342204115', '-ac', '2', '-ar', '44100', '/tmp/audiocut_1_6wl6no_b.wav']
2026-05-08 22:59:35,054 INFO : concat: ['ffmpeg', '-y', '-loglevel', 'quiet', '-f', 'concat', '-safe', '0', '-i', '/tmp/audiocut_concat_vnin6cs6.txt', '-c', 'copy', '/tmp/audiocut_preview_paf5x4y8.wav']
2026-05-08 22:59:35,178 INFO : preview ready: /tmp/audiocut_preview_paf5x4y8.wav
2026-05-08 23:04:26,174 INFO : open: /home/matze/Music/AcceptCover_cut.mp3
2026-05-08 23:04:29,214 INFO : in-point set: 0.000
2026-05-08 23:04:37,832 INFO : out-point set: 3.075
2026-05-08 23:04:47,067 INFO : clip mode prepend: /home/matze/Music/eq_test_cut.mp3
2026-05-08 23:04:55,578 INFO : in-point set: 0.502
2026-05-08 23:05:01,340 INFO : out-point set: 1.332
2026-05-08 23:05:03,325 INFO : clip confirmed: prepend  start=0.502 end=1.332
2026-05-08 23:05:08,591 INFO : building preview: /tmp/audiocut_preview_bfocdi5y.wav
2026-05-08 23:05:08,717 INFO : cut seg 0: ['ffmpeg', '-y', '-loglevel', 'quiet', '-i', '/home/matze/Music/eq_test_cut.mp3', '-ss', '0.5022563649999999', '-t', '0.829988635', '-ac', '2', '-ar', '44100', '/tmp/audiocut_0_qi3x8gh6.wav']
2026-05-08 23:05:08,774 INFO : cut seg 1: ['ffmpeg', '-y', '-loglevel', 'quiet', '-i', '/home/matze/Music/AcceptCover_cut.mp3', '-ss', '0.0', '-t', '3.075395942', '-ac', '2', '-ar', '44100', '/tmp/audiocut_1_raau4tzm.wav']
2026-05-08 23:05:08,842 INFO : concat: ['ffmpeg', '-y', '-loglevel', 'quiet', '-f', 'concat', '-safe', '0', '-i', '/tmp/audiocut_concat_5ucaydx8.txt', '-c', 'copy', '/tmp/audiocut_preview_bfocdi5y.wav']
2026-05-08 23:05:08,936 INFO : preview ready: /tmp/audiocut_preview_bfocdi5y.wav
2026-05-08 23:06:10,602 INFO : clip mode append: /home/matze/Music/Gema-free/audiohub_2015-00020-34_gone_free-version.mp3
2026-05-08 23:06:24,196 INFO : in-point set: 7.170
2026-05-08 23:06:36,575 INFO : out-point set: 15.210
2026-05-08 23:06:38,758 INFO : clip confirmed: append  start=8.000 end=16.040
2026-05-08 23:07:10,978 INFO : building preview: /tmp/audiocut_preview_7o2koyj2.wav
2026-05-08 23:07:11,210 INFO : cut seg 0: ['ffmpeg', '-y', '-loglevel', 'quiet', '-i', '/home/matze/Music/eq_test_cut.mp3', '-ss', '0.5022563649999999', '-t', '0.829988635', '-ac', '2', '-ar', '44100', '/tmp/audiocut_0_3277od7e.wav']
2026-05-08 23:07:11,268 INFO : cut seg 1: ['ffmpeg', '-y', '-loglevel', 'quiet', '-i', '/home/matze/Music/AcceptCover_cut.mp3', '-ss', '0.0', '-t', '3.075395942', '-ac', '2', '-ar', '44100', '/tmp/audiocut_1_fkovmp9d.wav']
2026-05-08 23:07:11,339 INFO : cut seg 2: ['ffmpeg', '-y', '-loglevel', 'quiet', '-i', '/home/matze/Music/Gema-free/audiohub_2015-00020-34_gone_free-version.mp3', '-ss', '8.0', '-t', '8.04', '-ac', '2', '-ar', '44100', '/tmp/audiocut_2_npvyf2a5.wav']
2026-05-08 23:07:11,438 INFO : concat: ['ffmpeg', '-y', '-loglevel', 'quiet', '-f', 'concat', '-safe', '0', '-i', '/tmp/audiocut_concat_92eynrxc.txt', '-c', 'copy', '/tmp/audiocut_preview_7o2koyj2.wav']
2026-05-08 23:07:11,579 INFO : preview ready: /tmp/audiocut_preview_7o2koyj2.wav
2026-05-08 23:08:19,767 INFO : open: /home/matze/Music/AcceptCover_cut.mp3
2026-05-08 23:08:34,256 INFO : in-point set: 0.040
2026-05-08 23:08:46,758 INFO : out-point set: 3.075
2026-05-08 23:08:56,634 INFO : clip mode prepend: /home/matze/Music/eq_test_cut.mp3
2026-05-08 23:09:01,311 INFO : clip confirmed: prepend  start=0.000 end=1.332
2026-05-08 23:28:17,395 INFO : open: /home/matze/Music/AcceptCover_cut.mp3
2026-05-08 23:28:22,744 INFO : in-point set: 0.000
2026-05-08 23:28:36,410 INFO : out-point set: 3.083
2026-05-08 23:28:44,883 INFO : clip mode prepend: /home/matze/Music/eq_test_cut.mp3
2026-05-08 23:28:46,979 INFO : clip confirmed: prepend  start_bar=0 end_bar=199
2026-05-08 23:28:57,042 INFO : building preview: /tmp/audiocut_preview_0vybv6va.wav
2026-05-08 23:28:57,185 INFO : cut seg 0: ['ffmpeg', '-y', '-loglevel', 'quiet', '-i', '/home/matze/Music/eq_test_cut.mp3', '-ss', '0.0', '-t', '1.332245', '-ac', '2', '-ar', '44100', '/tmp/audiocut_0_6f3ivdbz.wav']
2026-05-08 23:28:57,252 INFO : cut seg 1: ['ffmpeg', '-y', '-loglevel', 'quiet', '-i', '/home/matze/Music/AcceptCover_cut.mp3', '-ss', '0.0', '-t', '3.10726533', '-ac', '2', '-ar', '44100', '/tmp/audiocut_1_artyprqa.wav']
2026-05-08 23:28:57,326 INFO : concat: ['ffmpeg', '-y', '-loglevel', 'quiet', '-f', 'concat', '-safe', '0', '-i', '/tmp/audiocut_concat_47reze6i.txt', '-c', 'copy', '/tmp/audiocut_preview_0vybv6va.wav']
2026-05-08 23:28:57,448 INFO : preview ready: /tmp/audiocut_preview_0vybv6va.wav
2026-05-08 23:29:08,213 INFO : clip mode append: /home/matze/Music/Gema-free/audiohub_2015-00020-34_gone_free-version.mp3
2026-05-08 23:29:21,615 INFO : in-point set: 10.728
2026-05-08 23:29:36,169 INFO : out-point set: 14.708
2026-05-08 23:29:39,314 INFO : clip confirmed: append  start_bar=121 end_bar=160
2026-05-08 23:29:51,459 INFO : building preview: /tmp/audiocut_preview_es23hj1f.wav
2026-05-08 23:29:51,675 INFO : cut seg 0: ['ffmpeg', '-y', '-loglevel', 'quiet', '-i', '/home/matze/Music/eq_test_cut.mp3', '-ss', '0.0', '-t', '1.332245', '-ac', '2', '-ar', '44100', '/tmp/audiocut_0_few1myrk.wav']
2026-05-08 23:29:51,746 INFO : cut seg 1: ['ffmpeg', '-y', '-loglevel', 'quiet', '-i', '/home/matze/Music/AcceptCover_cut.mp3', '-ss', '0.0', '-t', '3.10726533', '-ac', '2', '-ar', '44100', '/tmp/audiocut_1__se0qt92.wav']
2026-05-08 23:29:51,819 INFO : cut seg 2: ['ffmpeg', '-y', '-loglevel', 'quiet', '-i', '/home/matze/Music/Gema-free/audiohub_2015-00020-34_gone_free-version.mp3', '-ss', '12.100000000000001', '-t', '4.0', '-ac', '2', '-ar', '44100', '/tmp/audiocut_2_sj2ueucr.wav']
2026-05-08 23:29:51,935 INFO : concat: ['ffmpeg', '-y', '-loglevel', 'quiet', '-f', 'concat', '-safe', '0', '-i', '/tmp/audiocut_concat_spgysjw6.txt', '-c', 'copy', '/tmp/audiocut_preview_es23hj1f.wav']
2026-05-08 23:29:52,081 INFO : preview ready: /tmp/audiocut_preview_es23hj1f.wav
2026-05-08 23:30:17,041 INFO : shutdown
2026-05-08 23:30:31,887 INFO : open: /home/matze/Music/AcceptCover_cut.mp3
2026-05-08 23:30:47,190 INFO : in-point set: 1.012
2026-05-08 23:30:56,163 INFO : out-point set: 4.350
2026-05-08 23:31:52,982 INFO : clip mode prepend: /home/matze/Music/eq_test_cut.mp3
2026-05-08 23:32:05,059 INFO : in-point set: 0.802
2026-05-08 23:32:13,997 INFO : out-point set: 1.332
2026-05-08 23:32:15,533 INFO : clip confirmed: prepend  start_bar=120 end_bar=199
2026-05-08 23:32:29,658 INFO : building preview: /tmp/audiocut_preview_wtn98j_4.wav
2026-05-08 23:32:29,788 INFO : cut seg 0: ['ffmpeg', '-y', '-loglevel', 'quiet', '-i', '/home/matze/Music/eq_test_cut.mp3', '-ss', '0.7993469999999999', '-t', '0.532898', '-ac', '2', '-ar', '44100', '/tmp/audiocut_0_6_96mf5a.wav']
2026-05-08 23:32:29,858 INFO : cut seg 1: ['ffmpeg', '-y', '-loglevel', 'quiet', '-i', '/home/matze/Music/AcceptCover_cut.mp3', '-ss', '0.995918375', '-t', '3.386122475', '-ac', '2', '-ar', '44100', '/tmp/audiocut_1_vp44ngia.wav']
2026-05-08 23:32:29,930 INFO : concat: ['ffmpeg', '-y', '-loglevel', 'quiet', '-f', 'concat', '-safe', '0', '-i', '/tmp/audiocut_concat_28vwoq4p.txt', '-c', 'copy', '/tmp/audiocut_preview_wtn98j_4.wav']
2026-05-08 23:32:30,030 INFO : preview ready: /tmp/audiocut_preview_wtn98j_4.wav
2026-05-08 23:33:10,765 INFO : open: /home/matze/Music/AcceptCover_cut.mp3
2026-05-08 23:35:59,221 INFO : open: /home/matze/Music/eq_test_cut.mp3
2026-05-08 23:36:47,990 INFO : shutdown
2026-05-08 23:38:00,890 INFO : in-point set: 1.466
2026-05-08 23:38:24,090 INFO : in-point set: 1.944
2026-05-08 23:38:24,898 INFO : in-point set: 2.422
2026-05-08 23:38:25,546 INFO : in-point set: 2.900
2026-05-08 23:38:26,124 INFO : in-point set: 3.378
2026-05-08 23:38:26,626 INFO : in-point set: 3.856
2026-05-08 23:38:27,130 INFO : in-point set: 4.335
2026-05-08 23:38:27,741 INFO : in-point set: 4.382
2026-05-08 23:38:58,331 INFO : open: /home/matze/Music/AcceptCover_cut.mp3
2026-05-08 23:39:03,367 INFO : in-point set: 0.000
2026-05-08 23:39:14,458 INFO : out-point set: 3.075
2026-05-08 23:39:24,344 INFO : clip mode prepend: /home/matze/Music/eq_test_cut.mp3
2026-05-08 23:39:26,475 INFO : clip confirmed: prepend  start_bar=0 end_bar=199
2026-05-08 23:41:48,515 INFO : in-point set: 0.000
2026-05-08 23:42:10,342 INFO : in-point set: 0.000
2026-05-08 23:42:11,046 INFO : in-point set: 0.000
2026-05-08 23:42:11,574 INFO : in-point set: 0.000
2026-05-08 23:42:41,698 INFO : in-point set: 0.000
2026-05-08 23:43:10,074 INFO : out-point set: 0.346
2026-05-08 23:45:08,276 INFO : building preview: /tmp/audiocut_preview_k5sdebb_.wav
2026-05-08 23:45:08,398 INFO : cut seg 0: ['ffmpeg', '-y', '-loglevel', 'quiet', '-i', '/home/matze/Music/eq_test_cut.mp3', '-ss', '0.0', '-t', '1.332245', '-ac', '2', '-ar', '44100', '/tmp/audiocut_0_7g0tdtoa.wav']
2026-05-08 23:45:08,470 INFO : cut seg 1: ['ffmpeg', '-y', '-loglevel', 'quiet', '-i', '/home/matze/Music/AcceptCover_cut.mp3', '-ss', '0.0', '-t', '0.358530615', '-ac', '2', '-ar', '44100', '/tmp/audiocut_1_4bbl8oa4.wav']
2026-05-08 23:45:08,541 INFO : concat: ['ffmpeg', '-y', '-loglevel', 'quiet', '-f', 'concat', '-safe', '0', '-i', '/tmp/audiocut_concat_krt9d81o.txt', '-c', 'copy', '/tmp/audiocut_preview_k5sdebb_.wav']
2026-05-08 23:45:08,619 INFO : preview ready: /tmp/audiocut_preview_k5sdebb_.wav
2026-05-08 23:46:48,815 INFO : shutdown
2026-05-08 23:47:06,134 INFO : open: /home/matze/Music/AcceptCover_cut.mp3
2026-05-08 23:47:15,862 INFO : in-point set: 0.000
2026-05-08 23:47:22,685 INFO : out-point set: 3.067
2026-05-08 23:48:46,938 INFO : open: /home/matze/Music/eq_test_cut.mp3
2026-05-09 00:06:51,617 INFO : shutdown
2026-05-09 00:07:06,576 INFO : open: /home/matze/Music/AcceptCover_cut.mp3
2026-05-09 00:07:12,166 INFO : clip mode prepend: /home/matze/Music/eq_test_cut.mp3
2026-05-09 00:07:14,093 INFO : clip confirmed: prepend  start_bar=0 end_bar=199
2026-05-09 00:08:38,632 INFO : shutdown
2026-05-09 18:19:10,512 INFO : open: /home/matze/Music/AcceptCover_cut.mp3
2026-05-09 18:19:19,889 INFO : clip mode append: /home/matze/Music/Gema-free/audiohub_2015-00020-34_gone_free-version.mp3
2026-05-09 18:19:30,030 INFO : in-point set: 0.000
2026-05-09 18:19:40,864 INFO : out-point set: 8.040
2026-05-09 18:19:42,040 INFO : clip confirmed: append  start_bar=0 end_bar=80
2026-05-09 18:20:18,351 INFO : open: /home/matze/Music/Gema-free/audiohub_2015-00020-34_gone_free-version.mp3
2026-05-09 18:21:13,209 INFO : in-point set: 0.000
2026-05-09 18:21:42,294 INFO : clip mode prepend: /home/matze/Music/eq_test_cut.mp3
2026-05-09 18:21:44,040 INFO : clip confirmed: prepend  start_bar=0 end_bar=199
2026-05-09 18:22:04,100 INFO : shutdown
2026-05-09 18:22:22,422 INFO : open: /home/matze/Music/AcceptCover_cut.mp3
2026-05-09 18:22:29,151 INFO : clip mode prepend: /home/matze/Music/eq_test_cut.mp3
2026-05-09 18:22:31,041 INFO : clip confirmed: prepend  start_bar=0 end_bar=199
2026-05-09 18:23:10,445 INFO : open: /home/matze/Music/AcceptCover_cut.mp3
2026-05-09 18:23:50,974 INFO : open: /home/matze/Music/AcceptCover.mp3
2026-05-09 18:24:03,293 INFO : clip mode prepend: /home/matze/Music/eq_test_cut.mp3
2026-05-09 18:24:04,701 INFO : clip confirmed: prepend  start_bar=0 end_bar=199
2026-05-09 18:24:50,506 INFO : open: /home/matze/Music/AcceptCover.mp3
2026-05-09 18:24:56,347 INFO : in-point set: 0.000
2026-05-09 18:25:07,186 INFO : out-point set: 8.724
2026-05-09 18:25:13,354 INFO : clip mode prepend: /home/matze/Music/eq_test_cut.mp3
2026-05-09 18:25:15,385 INFO : clip confirmed: prepend  start_bar=0 end_bar=199
2026-05-09 18:41:41,977 INFO : open: /home/matze/Music/AcceptCover_cut.mp3
2026-05-09 18:41:42,116 DEBUG : normPeaks n=200 target=200 dur=7.967 bps=25.102
2026-05-09 18:41:42,116 DEBUG : slot len=200 dur=7.967
2026-05-09 18:42:05,263 INFO : in-point set: 0.000
2026-05-09 18:42:13,537 INFO : out-point set: 3.083
2026-05-09 18:42:47,670 INFO : clip mode prepend: /home/matze/Music/eq_test_cut.mp3
2026-05-09 18:43:11,001 INFO : clip confirmed: prepend  start_bar=0 end_bar=199
2026-05-09 18:43:11,003 DEBUG : normPeaks n=200 target=60 dur=1.332 bps=45.050
2026-05-09 18:43:11,003 DEBUG : normPeaks n=78 target=140 dur=3.107 bps=45.050
2026-05-09 18:43:11,004 DEBUG : slot len=60 dur=1.332
2026-05-09 18:43:11,004 DEBUG : slot len=140 dur=3.107
2026-05-09 18:52:05,420 INFO : open: /home/matze/Music/AcceptCover_cut.mp3
2026-05-09 18:52:05,571 DEBUG : normPeaks n=200 target=200 dur=7.967 bps=25.102
2026-05-09 18:52:05,571 DEBUG : slot len=200 dur=7.967
2026-05-09 18:52:08,300 INFO : in-point set: 0.000
2026-05-09 18:52:17,349 INFO : out-point set: 5.386
2026-05-09 18:52:22,483 INFO : clip mode prepend: /home/matze/Music/eq_test_cut.mp3
2026-05-09 18:52:24,533 INFO : clip confirmed: prepend  start_bar=0 end_bar=199
2026-05-09 18:52:24,534 DEBUG : normPeaks n=200 target=33 dur=1.332 bps=25.102
2026-05-09 18:52:24,535 DEBUG : normPeaks n=136 target=136 dur=5.418 bps=25.102
2026-05-09 18:52:24,535 DEBUG : slot len=33 dur=1.332
2026-05-09 18:52:24,535 DEBUG : slot len=136 dur=5.418
2026-05-09 18:54:49,253 INFO : clip mode append: /home/matze/Music/Gema-free/audiohub_2015-00020-34_gone_free-version.mp3
2026-05-09 18:54:59,310 INFO : in-point set: 13.688
2026-05-09 18:55:21,064 INFO : out-point set: 22.668
2026-05-09 18:55:30,977 INFO : clip confirmed: append  start_bar=150 end_bar=240
2026-05-09 18:55:30,979 DEBUG : normPeaks n=200 target=33 dur=1.332 bps=25.102
2026-05-09 18:55:30,979 DEBUG : normPeaks n=136 target=136 dur=5.418 bps=25.102
2026-05-09 18:55:30,980 DEBUG : normPeaks n=91 target=228 dur=9.100 bps=25.102
2026-05-09 18:55:30,980 DEBUG : slot len=33 dur=1.332
2026-05-09 18:55:30,980 DEBUG : slot len=136 dur=5.418
2026-05-09 18:55:30,980 DEBUG : slot len=228 dur=9.100
2026-05-09 19:08:37,981 INFO : open: /home/matze/Music/AcceptCover.mp3
2026-05-09 19:08:46,330 INFO : in-point set: 8.641
2026-05-09 19:09:03,221 INFO : out-point set: 32.085
2026-05-09 19:09:14,107 INFO : clip mode prepend: /home/matze/Music/Gema-free/audiohub_2015-00020-34_gone_free-version.mp3
2026-05-09 19:09:17,686 INFO : in-point set: 0.000
2026-05-09 19:09:23,807 INFO : out-point set: 32.020
2026-05-09 19:09:26,616 INFO : clip confirmed: prepend  start_bar=0 end_bar=320
2026-05-09 19:09:38,226 INFO : clip mode append: /home/matze/Music/Gema-free/musicfox_albatros.mp3
2026-05-09 19:09:43,674 INFO : in-point set: 0.000
2026-05-09 19:09:51,459 INFO : out-point set: 0.000
2026-05-09 19:09:53,091 INFO : clip confirmed: append  start_bar=0 end_bar=184
2026-05-09 19:09:59,501 INFO : building preview: /tmp/audiocut_preview_26qmsps4.wav
2026-05-09 19:09:59,730 INFO : cut seg 0: ['ffmpeg', '-y', '-loglevel', 'quiet', '-i', '/home/matze/Music/Gema-free/audiohub_2015-00020-34_gone_free-version.mp3', '-ss', '0.0', '-t', '32.1', '-ac', '2', '-ar', '44100', '/tmp/audiocut_0_ooz5jilj.wav']
2026-05-09 19:09:59,833 INFO : cut seg 1: ['ffmpeg', '-y', '-loglevel', 'quiet', '-i', '/home/matze/Music/AcceptCover.mp3', '-ss', '8.601383632089334', '-t', '23.503780855127825', '-ac', '2', '-ar', '44100', '/tmp/audiocut_1_5a41hgy7.wav']
2026-05-09 19:09:59,948 INFO : cut seg 2: ['ffmpeg', '-y', '-loglevel', 'quiet', '-i', '/home/matze/Music/Gema-free/musicfox_albatros.mp3', '-ss', '0.0', '-t', '18.509132911392406', '-ac', '2', '-ar', '44100', '/tmp/audiocut_2_3h0ozpym.wav']
2026-05-09 19:10:00,025 INFO : concat: ['ffmpeg', '-y', '-loglevel', 'quiet', '-f', 'concat', '-safe', '0', '-i', '/tmp/audiocut_concat_atysq77m.txt', '-c', 'copy', '/tmp/audiocut_preview_26qmsps4.wav']
2026-05-09 19:10:00,185 INFO : preview ready: /tmp/audiocut_preview_26qmsps4.wav
2026-05-09 19:11:38,918 INFO : joining 3 segment(s) -> /home/matze/Music/join2.mp3
2026-05-09 19:11:39,105 INFO : cut seg 0: ['ffmpeg', '-y', '-loglevel', 'quiet', '-i', '/home/matze/Music/Gema-free/audiohub_2015-00020-34_gone_free-version.mp3', '-ss', '0.0', '-t', '32.1', '-ac', '2', '-ar', '44100', '-q:a', '0', '/tmp/audiocut_0_h3k4qg6u.mp3']
2026-05-09 19:11:39,640 INFO : cut seg 1: ['ffmpeg', '-y', '-loglevel', 'quiet', '-i', '/home/matze/Music/AcceptCover.mp3', '-ss', '8.601383632089334', '-t', '23.503780855127825', '-ac', '2', '-ar', '44100', '-q:a', '0', '/tmp/audiocut_1_4vm3ghz3.mp3']
2026-05-09 19:11:40,045 INFO : cut seg 2: ['ffmpeg', '-y', '-loglevel', 'quiet', '-i', '/home/matze/Music/Gema-free/musicfox_albatros.mp3', '-ss', '0.0', '-t', '18.509132911392406', '-ac', '2', '-ar', '44100', '-q:a', '0', '/tmp/audiocut_2_m90rm08z.mp3']
2026-05-09 19:11:40,385 INFO : concat: ['ffmpeg', '-y', '-loglevel', 'quiet', '-f', 'concat', '-safe', '0', '-i', '/tmp/audiocut_concat_cjfxi10z.txt', '-ac', '2', '-ar', '44100', '-q:a', '0', '/home/matze/Music/join2.mp3']
2026-05-09 19:11:41,398 INFO : saved: /home/matze/Music/join2.mp3
2026-05-09 23:05:54,918 INFO : clip mode prepend: /home/matze/Music/eq_test_cut.mp3
2026-05-09 23:05:57,463 INFO : clip confirmed: prepend  start_bar=0 end_bar=199
2026-05-09 23:06:09,200 INFO : in-point set: 8.090
2026-05-09 23:06:12,561 INFO : out-point set: 10.613
2026-05-09 23:06:27,443 INFO : in-point set: 13.321
2026-05-09 23:07:45,378 INFO : open: /home/matze/Music/AcceptCover.mp3
2026-05-09 23:07:49,332 INFO : in-point set: 0.000
2026-05-09 23:07:56,893 INFO : out-point set: 8.721
2026-05-09 23:08:02,430 INFO : in-point set: 13.502
2026-05-09 23:08:08,087 INFO : out-point set: 13.502
2026-05-09 23:08:15,528 INFO : in-point set: 15.342
2026-05-09 23:26:32,815 INFO : open: /home/matze/Music/AcceptCover.mp3
2026-05-09 23:26:37,999 INFO : in-point set: 3.561
2026-05-09 23:26:41,183 INFO : out-point set: 2.100
2026-05-09 23:26:42,727 INFO : in-point set: 2.100
2026-05-09 23:26:47,016 INFO : out-point set: 8.001
2026-05-09 23:26:50,728 INFO : out-point set: 8.221
2026-05-09 23:26:53,289 INFO : in-point set: 1.860
2026-05-09 23:26:57,193 INFO : out-point set: 1.360
2026-05-09 23:27:12,794 INFO : open: /home/matze/Music/eq_test_cut.mp3
2026-05-09 23:27:32,830 INFO : open: /home/matze/Music/AcceptCover.mp3
2026-05-09 23:27:36,382 INFO : in-point set: 2.400
2026-05-09 23:27:38,887 INFO : out-point set: 6.381
2026-05-09 23:27:46,736 INFO : out-point set: 8.441
2026-05-09 23:27:50,448 INFO : in-point set: 2.860
2026-05-09 23:27:56,430 INFO : clip mode prepend: /home/matze/Music/eq_test_cut.mp3
2026-05-09 23:27:58,065 INFO : clip confirmed: prepend  start_bar=0 end_bar=199
2026-05-09 23:28:07,575 INFO : open: /home/matze/Music/AcceptCover.mp3
2026-05-09 23:28:12,290 INFO : in-point set: 2.820
2026-05-09 23:28:15,915 INFO : out-point set: 13.742
2026-05-09 23:28:20,259 INFO : out-point set: 2.460
2026-05-09 23:28:25,547 INFO : clip mode prepend: /home/matze/Music/eq_test_cut.mp3
2026-05-09 23:28:27,228 INFO : clip confirmed: prepend  start_bar=0 end_bar=199
2026-05-09 23:28:53,304 INFO : in-point set: 0.000
2026-05-09 23:28:55,632 INFO : out-point set: 4.529
2026-05-09 23:31:10,763 INFO : open: /home/matze/Music/AcceptCover_cut.mp3
2026-05-09 23:31:12,649 INFO : in-point set: 0.000
2026-05-09 23:31:21,842 INFO : out-point set: 7.378
2026-05-09 23:31:26,453 INFO : clip mode prepend: /home/matze/Music/eq_test_cut.mp3
2026-05-09 23:31:28,659 INFO : clip confirmed: prepend  start_bar=0 end_bar=199
2026-05-09 23:31:36,372 INFO : in-point set: 1.047
2026-05-10 00:19:51,736 INFO : open: /home/matze/Music/AcceptCover.mp3
2026-05-10 00:19:56,889 INFO : in-point set: bar=31 (3.141s)
2026-05-10 00:20:07,346 INFO : out-point set: bar=196 (16.523s)
2026-05-10 00:20:16,351 INFO : clip mode prepend: /home/matze/Music/eq_test_cut.mp3
2026-05-10 00:20:27,069 INFO : clip confirmed: prepend  start_bar=0 end_bar=96
2026-05-10 00:20:36,663 INFO : building preview: /tmp/audiocut_preview_04damzqi.wav
2026-05-10 00:20:36,782 INFO : cut seg 0: ['ffmpeg', '-y', '-loglevel', 'quiet', '-i', '/home/matze/Music/eq_test_cut.mp3', '-ss', '0.0', '-t', '0.646138825', '-ac', '2', '-ar', '44100', '/tmp/audiocut_0_hp7oymyu.wav']
2026-05-10 00:20:36,844 INFO : cut seg 1: ['ffmpeg', '-y', '-loglevel', 'quiet', '-i', '/home/matze/Music/AcceptCover.mp3', '-ss', '3.100498751101969', '-t', '16.602670731707317', '-ac', '2', '-ar', '44100', '/tmp/audiocut_1_btnzyywq.wav']
2026-05-10 00:20:36,931 INFO : concat: ['ffmpeg', '-y', '-loglevel', 'quiet', '-f', 'concat', '-safe', '0', '-i', '/tmp/audiocut_concat_w_g74h97.txt', '-c', 'copy', '/tmp/audiocut_preview_04damzqi.wav']
2026-05-10 00:20:37,027 INFO : preview ready: /tmp/audiocut_preview_04damzqi.wav
2026-05-10 00:24:45,592 INFO : open: /home/matze/Music/AcceptCover.mp3
2026-05-10 00:24:50,943 INFO : clip mode prepend: /home/matze/Music/AcceptCover_cut.mp3
2026-05-10 00:24:52,534 INFO : clip confirmed: prepend  start_bar=0 end_bar=199
2026-05-10 00:25:05,919 INFO : in-point set: bar=37 (11.661s)
2026-05-10 00:25:29,578 INFO : in-point set: bar=50 (9.241s)
2026-05-10 00:25:32,827 INFO : in-point set: bar=102 (13.161s)
2026-05-10 00:25:38,755 INFO : in-point set: bar=116 (9.361s)
2026-05-10 00:26:46,620 INFO : open: /home/matze/Music/AcceptCover.mp3
2026-05-10 00:27:13,031 INFO : in-point set: bar=87 (8.721s)
2026-05-10 00:27:17,904 INFO : out-point set: bar=253 (16.563s)
2026-05-10 00:28:46,358 INFO : open: /home/matze/Music/AcceptCover.mp3
2026-05-10 00:28:58,028 INFO : in-point set: bar=87 (8.741s)
2026-05-10 00:29:05,925 INFO : out-point set: bar=235 (14.822s)
2026-05-10 00:29:44,776 INFO : open: /home/matze/Music/AcceptCover_cut.mp3
2026-05-10 00:29:52,467 INFO : in-point set: bar=26 (1.052s)
2026-05-10 00:29:58,700 INFO : out-point set: bar=161 (5.394s)
2026-05-10 00:31:32,439 INFO : out-point set: bar=161 (5.394s)
2026-05-10 00:35:24,937 INFO : open: /home/matze/Music/AcceptCover_cut.mp3
2026-05-10 00:35:29,196 INFO : in-point set: bar=26 (1.044s)
2026-05-10 00:35:35,309 INFO : out-point set: bar=136 (5.410s)
2026-05-10 00:35:44,198 INFO : out-point set: bar=135 (5.386s)
2026-05-10 00:36:01,904 INFO : out-point set: bar=135 (5.386s)
2026-05-10 00:36:31,196 INFO : out-point set: bar=127 (5.067s)
2026-05-10 00:40:33,906 INFO : out-point set: bar=127 (5.067s)
2026-05-10 00:46:23,294 INFO : open: /home/matze/Music/AcceptCover_cut.mp3
2026-05-10 00:46:23,438 INFO : MARK start_bar=None in_pos=None  end_bar=None out_pos=None  n=200 dur=7.967
2026-05-10 00:46:46,224 INFO : BAR  global=1.060 ads=0.000 local_t=1.060 i0=0 → bar=27  n=200 dur=7.967  w=1000 nv=200 bw=5
2026-05-10 00:46:46,224 INFO : in-point set: bar=27 (1.060s)
2026-05-10 00:46:46,224 INFO : MARK start_bar=27 in_pos=1.076  end_bar=None out_pos=None  n=200 dur=7.967
2026-05-10 00:47:55,873 INFO : BAR  global=5.402 ads=1.076 local_t=4.326 i0=27 → bar=136  n=200 dur=7.967  w=1000 nv=200 bw=5
2026-05-10 00:47:55,873 INFO : out-point set: bar=136 (5.402s)
2026-05-10 00:47:55,873 INFO : MARK start_bar=27 in_pos=1.076  end_bar=136 out_pos=5.458  n=200 dur=7.967
2026-05-10 00:56:59,222 INFO : shutdown
2026-05-10 00:57:11,948 INFO : open: /home/matze/Music/AcceptCover_cut.mp3
2026-05-10 00:57:12,099 INFO : MARK start_bar=None in_pos=None  end_bar=None out_pos=None  n=200 dur=7.967
2026-05-10 00:57:20,103 INFO : in-point set: bar=27 (1.060s)
2026-05-10 00:57:20,104 INFO : MARK start_bar=27 in_pos=1.076  end_bar=None out_pos=None  n=200 dur=7.967
2026-05-10 00:57:31,465 INFO : out-point set: bar=135 (5.386s)
2026-05-10 00:57:31,465 INFO : MARK start_bar=27 in_pos=1.076  end_bar=135 out_pos=5.418  n=200 dur=7.967
2026-05-10 00:57:43,547 INFO : in-point set: bar=27 (1.056s)
2026-05-10 00:57:43,547 INFO : MARK start_bar=27 in_pos=1.076  end_bar=135 out_pos=5.418  n=200 dur=7.967
2026-05-10 00:58:02,445 INFO : out-point set: bar=135 (5.391s)
2026-05-10 00:58:02,445 INFO : MARK start_bar=27 in_pos=1.076  end_bar=135 out_pos=5.418  n=200 dur=7.967
2026-05-10 01:00:25,447 INFO : in-point set: bar=27 (1.059s)
2026-05-10 01:00:25,447 INFO : MARK start_bar=27 in_pos=1.076  end_bar=135 out_pos=5.418  n=200 dur=7.967
2026-05-10 01:00:31,055 INFO : in-point set: bar=26 (1.022s)
2026-05-10 01:00:31,056 INFO : MARK start_bar=26 in_pos=1.036  end_bar=135 out_pos=5.418  n=200 dur=7.967
2026-05-10 01:00:53,482 INFO : shutdown
2026-05-10 01:01:06,220 INFO : open: /home/matze/Music/AcceptCover_cut.mp3
2026-05-10 01:01:06,371 INFO : MARK start_bar=None in_pos=None  end_bar=None out_pos=None  n=200 dur=7.967
2026-05-10 01:01:17,877 INFO : in-point set: bar=26 (1.044s)
2026-05-10 01:01:17,878 INFO : MARK start_bar=26 in_pos=1.036  end_bar=None out_pos=None  n=200 dur=7.967
2026-05-10 01:01:29,759 INFO : out-point set: bar=154 (6.155s)
2026-05-10 01:01:29,759 INFO : MARK start_bar=26 in_pos=1.036  end_bar=154 out_pos=6.175  n=200 dur=7.967
2026-05-10 01:01:52,954 INFO : out-point set: bar=154 (6.148s)
2026-05-10 01:01:52,954 INFO : MARK start_bar=26 in_pos=1.036  end_bar=154 out_pos=6.175  n=200 dur=7.967
2026-05-10 01:02:09,147 INFO : in-point set: bar=25 (1.019s)
2026-05-10 01:02:09,148 INFO : MARK start_bar=25 in_pos=0.996  end_bar=154 out_pos=6.175  n=200 dur=7.967
2026-05-10 01:02:15,196 INFO : in-point set: bar=26 (1.059s)
2026-05-10 01:02:15,196 INFO : MARK start_bar=26 in_pos=1.036  end_bar=154 out_pos=6.175  n=200 dur=7.967
2026-05-10 01:03:02,564 INFO : shutdown
2026-05-10 01:03:16,021 INFO : open: /home/matze/Music/AcceptCover_cut.mp3
2026-05-10 01:03:16,161 INFO : MARK start_bar=None in_pos=None  end_bar=None out_pos=None  n=200 dur=7.967
2026-05-10 01:03:22,781 INFO : in-point set: bar=26 (1.052s)
2026-05-10 01:03:22,781 INFO : MARK start_bar=26 in_pos=1.036  end_bar=None out_pos=None  n=200 dur=7.967
2026-05-10 01:03:30,686 INFO : out-point set: bar=135 (5.410s)
2026-05-10 01:03:30,686 INFO : MARK start_bar=26 in_pos=1.036  end_bar=135 out_pos=5.418  n=200 dur=7.967
2026-05-10 01:03:46,430 INFO : clip mode prepend: /home/matze/Music/eq_test_cut.mp3
2026-05-10 01:04:01,273 INFO : clip confirmed: prepend  start_bar=9 end_bar=75
2026-05-10 01:04:14,104 INFO : clip mode append: /home/matze/Music/Gema-free/audiohub_2015-00020-34_gone_free-version.mp3
2026-05-10 01:04:45,991 INFO : clip confirmed: append  start_bar=160 end_bar=250
2026-05-10 01:04:54,945 INFO : building preview: /tmp/audiocut_preview_lj34_c_w.wav
2026-05-10 01:04:55,140 INFO : cut seg 0: ['ffmpeg', '-y', '-loglevel', 'quiet', '-i', '/home/matze/Music/eq_test_cut.mp3', '-ss', '0.05995102499999999', '-t', '0.446302075', '-ac', '2', '-ar', '44100', '/tmp/audiocut_0_ecz16qlj.wav']
2026-05-10 01:04:55,211 INFO : cut seg 1: ['ffmpeg', '-y', '-loglevel', 'quiet', '-i', '/home/matze/Music/AcceptCover_cut.mp3', '-ss', '1.03575511', '-t', '4.38204085', '-ac', '2', '-ar', '44100', '/tmp/audiocut_1_wmdfm25c.wav']
2026-05-10 01:04:55,282 INFO : cut seg 2: ['ffmpeg', '-y', '-loglevel', 'quiet', '-i', '/home/matze/Music/Gema-free/audiohub_2015-00020-34_gone_free-version.mp3', '-ss', '16.0', '-t', '9.099999999999998', '-ac', '2', '-ar', '44100', '/tmp/audiocut_2_596i0i0l.wav']
2026-05-10 01:04:55,402 INFO : concat: ['ffmpeg', '-y', '-loglevel', 'quiet', '-f', 'concat', '-safe', '0', '-i', '/tmp/audiocut_concat_zu_cy0hh.txt', '-c', 'copy', '/tmp/audiocut_preview_lj34_c_w.wav']
2026-05-10 01:04:55,517 INFO : preview ready: /tmp/audiocut_preview_lj34_c_w.wav
2026-05-10 01:06:00,488 INFO : in-point set: bar=76 (2.462s)
2026-05-10 01:06:47,998 INFO : in-point set: bar=126 (2.462s)
2026-05-10 01:06:48,958 INFO : in-point set: bar=176 (2.462s)
2026-05-10 01:06:49,943 INFO : in-point set: bar=199 (2.462s)
2026-05-10 01:06:50,743 INFO : in-point set: bar=199 (2.462s)
2026-05-10 01:06:51,447 INFO : in-point set: bar=199 (2.462s)
2026-05-10 01:07:08,977 INFO : in-point set: bar=199 (2.462s)
2026-05-10 01:07:09,761 INFO : in-point set: bar=199 (2.462s)
2026-05-10 01:07:23,579 INFO : building preview: /tmp/audiocut_preview_izhdg46r.wav
2026-05-10 01:07:23,756 INFO : cut seg 0: ['ffmpeg', '-y', '-loglevel', 'quiet', '-i', '/home/matze/Music/eq_test_cut.mp3', '-ss', '0.05995102499999999', '-t', '0.446302075', '-ac', '2', '-ar', '44100', '/tmp/audiocut_0_y9hcleh_.wav']
2026-05-10 01:07:23,824 INFO : cut seg 1: ['ffmpeg', '-y', '-loglevel', 'quiet', '-i', '/home/matze/Music/AcceptCover_cut.mp3', '-ss', '7.9275102650000004', '-ac', '2', '-ar', '44100', '/tmp/audiocut_1_0impoixq.wav']
2026-05-10 01:07:23,896 INFO : cut seg 2: ['ffmpeg', '-y', '-loglevel', 'quiet', '-i', '/home/matze/Music/Gema-free/audiohub_2015-00020-34_gone_free-version.mp3', '-ss', '16.0', '-t', '9.099999999999998', '-ac', '2', '-ar', '44100', '/tmp/audiocut_2_oqbtejuk.wav']
2026-05-10 01:07:23,998 INFO : concat: ['ffmpeg', '-y', '-loglevel', 'quiet', '-f', 'concat', '-safe', '0', '-i', '/tmp/audiocut_concat_7_r7k2wc.txt', '-c', 'copy', '/tmp/audiocut_preview_izhdg46r.wav']
2026-05-10 01:07:24,092 INFO : preview ready: /tmp/audiocut_preview_izhdg46r.wav
2026-05-10 01:10:23,357 INFO : open: /home/matze/Music/AcceptCover_cut.mp3
2026-05-10 01:10:23,506 INFO : MARK start_bar=None in_pos=None  end_bar=None out_pos=None  n=200 dur=7.967
2026-05-10 01:10:28,914 INFO : in-point set: bar=26 (1.060s)
2026-05-10 01:10:28,914 INFO : MARK start_bar=26 in_pos=1.036  end_bar=None out_pos=None  n=200 dur=7.967
2026-05-10 01:10:33,386 INFO : out-point set: bar=135 (5.386s)
2026-05-10 01:10:33,387 INFO : MARK start_bar=26 in_pos=1.036  end_bar=135 out_pos=5.418  n=200 dur=7.967
2026-05-10 01:10:41,197 INFO : clip mode prepend: /home/matze/Music/eq_test_cut.mp3
2026-05-10 01:10:54,901 INFO : clip confirmed: prepend  start_bar=10 end_bar=91
2026-05-10 01:11:06,262 INFO : in-point set: bar=26 (0.278s)
2026-05-10 01:11:11,847 INFO : out-point set: bar=88 (3.055s)
2026-05-10 01:19:37,370 INFO : shutdown
2026-05-10 01:33:06,485 INFO : open: /home/matze/Music/AcceptCover_cut.mp3
2026-05-10 01:33:25,895 INFO : open: /home/matze/Music/eq_test_cut.mp3
2026-05-10 01:33:35,577 INFO : open: /home/matze/Music/AcceptCover_cut.mp3
2026-05-10 01:35:03,698 INFO : clip mode prepend: /home/matze/Music/Gema-free/audiohub_2015-00020-34_gone_free-version.mp3
2026-05-10 01:35:30,338 INFO : clip confirmed: prepend  start_bar=161 end_bar=501
2026-05-10 01:35:58,751 INFO : building preview: /tmp/audiocut_preview_fnrp7m12.wav
2026-05-10 01:35:58,877 INFO : cut seg 0: ['ffmpeg', '-y', '-loglevel', 'quiet', '-i', '/home/matze/Music/Gema-free/audiohub_2015-00020-34_gone_free-version.mp3', '-ss', '16.1', '-t', '34.099999999999994', '-ac', '2', '-ar', '44100', '/tmp/audiocut_0_icrfj307.wav']
2026-05-10 01:35:59,013 INFO : cut seg 1: ['ffmpeg', '-y', '-loglevel', 'quiet', '-i', '/home/matze/Music/AcceptCover_cut.mp3', '-ac', '2', '-ar', '44100', '/tmp/audiocut_1_h_fqd8ue.wav']
2026-05-10 01:35:59,096 INFO : concat: ['ffmpeg', '-y', '-loglevel', 'quiet', '-f', 'concat', '-safe', '0', '-i', '/tmp/audiocut_concat_a6np71bb.txt', '-c', 'copy', '/tmp/audiocut_preview_fnrp7m12.wav']
2026-05-10 01:35:59,221 INFO : preview ready: /tmp/audiocut_preview_fnrp7m12.wav
2026-05-10 01:37:34,188 INFO : joining 2 segment(s) -> /home/matze/Music/join2.mp3
2026-05-10 01:37:34,328 INFO : cut seg 0: ['ffmpeg', '-y', '-loglevel', 'quiet', '-i', '/home/matze/Music/Gema-free/audiohub_2015-00020-34_gone_free-version.mp3', '-ss', '38.9', '-t', '11.299999999999997', '-ac', '2', '-ar', '44100', '-q:a', '0', '/tmp/audiocut_0_1jwdhyn7.mp3']
2026-05-10 01:37:34,608 INFO : cut seg 1: ['ffmpeg', '-y', '-loglevel', 'quiet', '-i', '/home/matze/Music/AcceptCover_cut.mp3', '-t', '7.9275102650000004', '-ac', '2', '-ar', '44100', '-q:a', '0', '/tmp/audiocut_1_mgygpkeh.mp3']
2026-05-10 01:37:34,768 INFO : concat: ['ffmpeg', '-y', '-loglevel', 'quiet', '-f', 'concat', '-safe', '0', '-i', '/tmp/audiocut_concat_zecfscot.txt', '-ac', '2', '-ar', '44100', '-q:a', '0', '/home/matze/Music/join2.mp3']
2026-05-10 01:37:35,075 INFO : saved: /home/matze/Music/join2.mp3
2026-05-10 01:37:51,925 INFO : building preview: /tmp/audiocut_preview_56td9b4y.wav
2026-05-10 01:37:52,057 INFO : cut seg 0: ['ffmpeg', '-y', '-loglevel', 'quiet', '-i', '/home/matze/Music/Gema-free/audiohub_2015-00020-34_gone_free-version.mp3', '-ss', '38.9', '-t', '11.299999999999997', '-ac', '2', '-ar', '44100', '/tmp/audiocut_0_wp13xhw9.wav']
2026-05-10 01:37:52,214 INFO : cut seg 1: ['ffmpeg', '-y', '-loglevel', 'quiet', '-i', '/home/matze/Music/AcceptCover_cut.mp3', '-t', '7.9275102650000004', '-ac', '2', '-ar', '44100', '/tmp/audiocut_1_woq3jd0w.wav']
2026-05-10 01:37:52,287 INFO : concat: ['ffmpeg', '-y', '-loglevel', 'quiet', '-f', 'concat', '-safe', '0', '-i', '/tmp/audiocut_concat__ok4ky3p.txt', '-c', 'copy', '/tmp/audiocut_preview_56td9b4y.wav']
2026-05-10 01:37:52,400 INFO : preview ready: /tmp/audiocut_preview_56td9b4y.wav
2026-05-10 01:38:41,362 INFO : open: /home/matze/Music/join2.mp3
2026-05-10 01:39:01,741 INFO : shutdown
2026-05-10 01:41:18,005 INFO : shutdown
2026-05-10 01:41:37,470 INFO : open: /home/matze/Music/AcceptCover.mp3
2026-05-10 01:41:44,508 INFO : clip mode prepend: /home/matze/Music/Gema-free/audiohub_2015-00020-34_gone_free-version.mp3
2026-05-10 01:42:01,891 INFO : clip confirmed: prepend  start_bar=160 end_bar=330
2026-05-10 01:42:13,005 INFO : building preview: /tmp/audiocut_preview_zsdug_nc.wav
2026-05-10 01:42:13,145 INFO : cut seg 0: ['ffmpeg', '-y', '-loglevel', 'quiet', '-i', '/home/matze/Music/Gema-free/audiohub_2015-00020-34_gone_free-version.mp3', '-ss', '16.0', '-t', '17.1', '-ac', '2', '-ar', '44100', '/tmp/audiocut_0_rfqzpjtr.wav']
2026-05-10 01:42:13,258 INFO : cut seg 1: ['ffmpeg', '-y', '-loglevel', 'quiet', '-i', '/home/matze/Music/AcceptCover.mp3', '-ac', '2', '-ar', '44100', '/tmp/audiocut_1_ykmc2n8y.wav']
2026-05-10 01:42:13,724 INFO : concat: ['ffmpeg', '-y', '-loglevel', 'quiet', '-f', 'concat', '-safe', '0', '-i', '/tmp/audiocut_concat_cnkygek0.txt', '-c', 'copy', '/tmp/audiocut_preview_zsdug_nc.wav']
2026-05-10 01:42:13,932 INFO : preview ready: /tmp/audiocut_preview_zsdug_nc.wav
2026-05-10 01:43:35,639 INFO : joining 2 segment(s) -> /home/matze/Music/join2.mp3
2026-05-10 01:43:35,769 INFO : cut seg 0: ['ffmpeg', '-y', '-loglevel', 'quiet', '-i', '/home/matze/Music/Gema-free/audiohub_2015-00020-34_gone_free-version.mp3', '-ss', '23.0', '-t', '10.100000000000001', '-ac', '2', '-ar', '44100', '-q:a', '0', '/tmp/audiocut_0_d8otwek5.mp3']
2026-05-10 01:43:36,038 INFO : cut seg 1: ['ffmpeg', '-y', '-loglevel', 'quiet', '-i', '/home/matze/Music/AcceptCover.mp3', '-t', '39.70638723185425', '-ac', '2', '-ar', '44100', '-q:a', '0', '/tmp/audiocut_1_b6exucdd.mp3']
2026-05-10 01:43:36,684 INFO : concat: ['ffmpeg', '-y', '-loglevel', 'quiet', '-f', 'concat', '-safe', '0', '-i', '/tmp/audiocut_concat_z8r4nw_f.txt', '-ac', '2', '-ar', '44100', '-q:a', '0', '/home/matze/Music/join2.mp3']
2026-05-10 01:43:37,449 INFO : saved: /home/matze/Music/join2.mp3
2026-05-10 01:43:41,455 INFO : building preview: /tmp/audiocut_preview_r40c4hvf.wav
2026-05-10 01:43:41,584 INFO : cut seg 0: ['ffmpeg', '-y', '-loglevel', 'quiet', '-i', '/home/matze/Music/Gema-free/audiohub_2015-00020-34_gone_free-version.mp3', '-ss', '23.0', '-t', '10.100000000000001', '-ac', '2', '-ar', '44100', '/tmp/audiocut_0_h9509w52.wav']
2026-05-10 01:43:41,710 INFO : cut seg 1: ['ffmpeg', '-y', '-loglevel', 'quiet', '-i', '/home/matze/Music/AcceptCover.mp3', '-t', '39.70638723185425', '-ac', '2', '-ar', '44100', '/tmp/audiocut_1_o80f49wm.wav']
2026-05-10 01:43:41,839 INFO : concat: ['ffmpeg', '-y', '-loglevel', 'quiet', '-f', 'concat', '-safe', '0', '-i', '/tmp/audiocut_concat_8eyzk5r7.txt', '-c', 'copy', '/tmp/audiocut_preview_r40c4hvf.wav']
2026-05-10 01:43:41,959 INFO : preview ready: /tmp/audiocut_preview_r40c4hvf.wav
2026-05-10 01:51:43,327 INFO : open: /home/matze/Music/AcceptCover_cut.mp3
2026-05-10 01:51:50,690 INFO : clip mode prepend: /home/matze/Music/eq_test_cut.mp3
2026-05-10 01:51:52,908 INFO : clip confirmed: prepend  start_bar=0 end_bar=199
2026-05-10 01:52:16,596 INFO : joining 2 segment(s) -> /home/matze/Music/join2.mp3
2026-05-10 01:52:16,725 INFO : cut seg 0: ['ffmpeg', '-y', '-loglevel', 'quiet', '-i', '/home/matze/Music/eq_test_cut.mp3', '-ss', '0.659461275', '-t', '0.6727837249999999', '-ac', '2', '-ar', '44100', '-q:a', '0', '/tmp/audiocut_0_v8do72ar.mp3']
2026-05-10 01:52:16,793 INFO : cut seg 1: ['ffmpeg', '-y', '-loglevel', 'quiet', '-i', '/home/matze/Music/AcceptCover_cut.mp3', '-t', '5.41779596', '-ac', '2', '-ar', '44100', '-q:a', '0', '/tmp/audiocut_1_58svh2r0.mp3']
2026-05-10 01:52:16,921 INFO : concat: ['ffmpeg', '-y', '-loglevel', 'quiet', '-f', 'concat', '-safe', '0', '-i', '/tmp/audiocut_concat_2uuzs0do.txt', '-ac', '2', '-ar', '44100', '-q:a', '0', '/home/matze/Music/join2.mp3']
2026-05-10 01:52:17,079 INFO : saved: /home/matze/Music/join2.mp3
2026-05-10 01:52:43,433 INFO : open: /home/matze/Music/join2.mp3
2026-05-10 01:52:50,747 INFO : building preview: /tmp/audiocut_preview_x6iqa2tq.wav
2026-05-10 01:52:50,870 INFO : cut seg 0: ['ffmpeg', '-y', '-loglevel', 'quiet', '-i', '/home/matze/Music/eq_test_cut.mp3', '-ss', '0.659461275', '-t', '0.6727837249999999', '-ac', '2', '-ar', '44100', '/tmp/audiocut_0_crw8schg.wav']
2026-05-10 01:52:50,938 INFO : cut seg 1: ['ffmpeg', '-y', '-loglevel', 'quiet', '-i', '/home/matze/Music/AcceptCover_cut.mp3', '-t', '5.41779596', '-ac', '2', '-ar', '44100', '/tmp/audiocut_1_3tj5e4rr.wav']
2026-05-10 01:52:51,004 INFO : concat: ['ffmpeg', '-y', '-loglevel', 'quiet', '-f', 'concat', '-safe', '0', '-i', '/tmp/audiocut_concat_ctptg_8e.txt', '-c', 'copy', '/tmp/audiocut_preview_x6iqa2tq.wav']
2026-05-10 01:52:51,098 INFO : preview ready: /tmp/audiocut_preview_x6iqa2tq.wav
2026-05-10 02:02:59,635 INFO : shutdown
2026-05-10 02:04:01,149 INFO : open: /home/matze/Music/AcceptCover.mp3
2026-05-10 02:06:51,223 INFO : open: /home/matze/Music/AcceptCover.mp3
2026-05-10 02:11:38,068 INFO : open: /home/matze/Music/AcceptCover.mp3
2026-05-10 02:18:05,178 INFO : open: /home/matze/Music/AcceptCover_cut.mp3
2026-05-10 02:21:10,387 INFO : open: /home/matze/Music/AcceptCover.mp3
2026-05-10 02:31:42,908 INFO : shutdown
2026-05-10 02:31:48,949 INFO : shutdown
2026-05-10 02:33:07,646 INFO : open: /media/nas/public/MWM/Musikstore/Supercharge-Up Date - Live/Roll em Pete.ogg
2026-05-10 02:46:16,216 INFO : shutdown
2026-05-10 23:47:01,362 INFO : open: /home/matze/Music/AcceptCover_cut.mp3
2026-05-10 23:47:14,379 INFO : clip mode prepend: /home/matze/Music/eq_test_cut.mp3
2026-05-10 23:47:17,030 INFO : clip confirmed: prepend  start_bar=0 end_bar=199
2026-05-10 23:48:39,881 INFO : shutdown
